
 Ansys Mechanical Enterprise                       


 *------------------------------------------------------------------*
 |                                                                  |
 |   W E L C O M E   T O   T H E   A N S Y S (R)  P R O G R A M     |
 |                                                                  |
 *------------------------------------------------------------------*




 ***************************************************************
 *         ANSYS MAPDL 2022 R2          LEGAL NOTICES          *
 ***************************************************************
 *                                                             *
 * Copyright 1971-2022 Ansys, Inc.  All rights reserved.       *
 * Unauthorized use, distribution or duplication is            *
 * prohibited.                                                 *
 *                                                             *
 * Ansys is a registered trademark of Ansys, Inc. or its       *
 * subsidiaries in the United States or other countries.       *
 * See the Ansys, Inc. online documentation or the Ansys, Inc. *
 * documentation CD or online help for the complete Legal      *
 * Notice.                                                     *
 *                                                             *
 ***************************************************************
 *                                                             *
 * THIS ANSYS SOFTWARE PRODUCT AND PROGRAM DOCUMENTATION       *
 * INCLUDE TRADE SECRETS AND CONFIDENTIAL AND PROPRIETARY      *
 * PRODUCTS OF ANSYS, INC., ITS SUBSIDIARIES, OR LICENSORS.    *
 * The software products and documentation are furnished by    *
 * Ansys, Inc. or its subsidiaries under a software license    *
 * agreement that contains provisions concerning               *
 * non-disclosure, copying, length and nature of use,          *
 * compliance with exporting laws, warranties, disclaimers,    *
 * limitations of liability, and remedies, and other           *
 * provisions.  The software products and documentation may be *
 * used, disclosed, transferred, or copied only in accordance  *
 * with the terms and conditions of that software license      *
 * agreement.                                                  *
 *                                                             *
 * Ansys, Inc. is a UL registered                              *
 * ISO 9001:2015 company.                                      *
 *                                                             *
 ***************************************************************
 *                                                             *
 * This product is subject to U.S. laws governing export and   *
 * re-export.                                                  *
 *                                                             *
 * For U.S. Government users, except as specifically granted   *
 * by the Ansys, Inc. software license agreement, the use,     *
 * duplication, or disclosure by the United States Government  *
 * is subject to restrictions stated in the Ansys, Inc.        *
 * software license agreement and FAR 12.212 (for non-DOD      *
 * licenses).                                                  *
 *                                                             *
 ***************************************************************

 2022 R2 
     
 Point Releases and Patches installed:   
     
 Ansys, Inc. Products 2022 R2
 Autodyn 2022 R2 
 SpaceClaim 2022 R2  
 CFX (includes CFD-Post) 2022 R2 
 Chemkin 2022 R2 
 EnSight 2022 R2 
 FENSAP-ICE 2022 R2  
 Fluent (includes CFD-Post) 2022 R2  
 Polyflow (includes CFD-Post) 2022 R2
 Forte (includes EnSight) 2022 R2
 TurboGrid 2022 R2   
 Aqwa 2022 R2
 Mechanical Products 2022 R2 
 ACIS Geometry Interface 2022 R2 
 AutoCAD Geometry Interface 2022 R2  
 Catia, Version 4 Geometry Interface 2022 R2 
 Catia, Version 5 Geometry Interface 2022 R2 
 Catia, Version 6 Geometry Interface 2022 R2 
 Creo Elements/Direct Modeling Geometry Interface 2022 R2
 Creo Parametric Geometry Interface 2022 R2  
 Inventor Geometry Interface 2022 R2 
 JTOpen Geometry Interface 2022 R2   
 NX Geometry Interface 2022 R2   
 Parasolid Geometry Interface  2022 R2   
 Solid Edge Geometry Interface 2022 R2   
 SOLIDWORKS Geometry Interface 2022 R2   
 Academic Student 2022 R2


          *****  MAPDL COMMAND LINE ARGUMENTS  *****
  BATCH MODE REQUESTED (-b)    = NOLIST
  INPUT FILE COPY MODE (-c)    = COPY
  DISTRIBUTED MEMORY PARALLEL REQUESTED
       2 PARALLEL PROCESSES REQUESTED WITH SINGLE THREAD PER PROCESS
    TOTAL OF     2 CORES REQUESTED
  INPUT FILE NAME              = CONIN$
  OUTPUT FILE NAME             = D:\Personal Work\PEC fatigue\_ProjectScratch\ScrB03C\file1.out
  START-UP FILE MODE           = NOREAD
  STOP FILE MODE               = NOREAD

 RELEASE= 2022 R2              BUILD= 22.2      UP20220516   VERSION=WINDOWS x64 
 CURRENT JOBNAME=file1  21:10:32  JUN 05, 2023 CP=      0.031


 *****  MAPDL SOLUTION ROUTINE  *****

 PRINTOUT RESUMED BY /GOP

                      L O A D   S T E P   O P T I O N S

   LOAD STEP NUMBER. . . . . . . . . . . . . . . .     1
   TIME AT END OF THE LOAD STEP. . . . . . . . . .  2.0000    
   AUTOMATIC TIME STEPPING . . . . . . . . . . . .    ON
      STARTING TIME STEP SIZE. . . . . . . . . . .  1.0000    
      MINIMUM TIME STEP SIZE . . . . . . . . . . . 0.10000    
      MAXIMUM TIME STEP SIZE . . . . . . . . . . .  1.0000    
   MAXIMUM NUMBER OF EQUILIBRIUM ITERATIONS. . . .    15
   STEP CHANGE BOUNDARY CONDITIONS . . . . . . . .   YES
   STRESS-STIFFENING . . . . . . . . . . . . . . .    ON
   TRANSIENT (INERTIA) EFFECTS
      STRUCTURAL DOFS. . . . . . . . . . . . . . .    ON
   TRANSIENT INTEGRATION PARAMETERS
      GAMMA. . . . . . . . . . . . . . . . . . . . 0.41421    
      ALPHA. . . . . . . . . . . . . . . . . . . . 0.50000    
      DELTA. . . . . . . . . . . . . . . . . . . . 0.91421    
      USING HHT TIME INTEGRATION
      ALPHAF . . . . . . . . . . . . . . . . . . . 0.41421    
      ALPHAM . . . . . . . . . . . . . . . . . . .  0.0000    
   TERMINATE ANALYSIS IF NOT CONVERGED . . . . . .YES (EXIT)  
   CONVERGENCE CONTROLS. . . . . . . . . . . . . .USE DEFAULTS
   PRINT OUTPUT CONTROLS . . . . . . . . . . . . .NO PRINTOUT
   DATABASE OUTPUT CONTROLS
      ITEM     FREQUENCY   COMPONENT
       ALL       NONE               
      NSOL        ALL               
      RSOL        ALL               
      EANG        ALL               
      ETMP        ALL               
      VENG        ALL               
      NLOA        ALL               
      STRS        ALL               
      EPEL        ALL               
      EPPL        ALL               
      CONT        ALL               
      V           ALL               
      A           ALL               
      MISC        ALL               


 *** NOTE ***                            CP =       0.062   TIME= 21:10:33
 Symmetric Deformable- deformable contact pair identified by real        
 constant set 4 and contact element type 4 has been set up.  The         
 companion pair has real constant set ID 5.  Both pairs should have the  
 same behavior.                                                          
 ANSYS will keep the current pair and deactivate its companion pair,     
 resulting in asymmetric contact.                                        
 Contact algorithm: Augmented Lagrange method
 Contact detection at: Gauss integration point
 Contact stiffness factor FKN                  1.0000    
 The resulting initial contact stiffness      0.11667E+16
 Default penetration tolerance factor FTOLN   0.10000    
 The resulting penetration tolerance          0.34286E-03
 Frictionless contact pair is defined
 Update contact stiffness at each iteration
 Average contact surface length               0.24317E-02
 Average contact pair depth                   0.34286E-02
 Average target surface length                0.28922E-02
 Default pinball region factor PINB            1.0000    
 The resulting pinball region                 0.34286E-02
 *WARNING*: Initial penetration is included.

 *** NOTE ***                            CP =       0.062   TIME= 21:10:33
 Max.  Initial penetration 5.214220823E-06 was detected between contact  
 element 4716 and target element 5093.                                   
 You may move entire target surface by : x= -7.851125176E-09, y=         
 -6.73473225E-07, z= 5.17053875E-06,to reduce initial penetration.       
 ****************************************
  

 *** NOTE ***                            CP =       0.062   TIME= 21:10:33
 Symmetric Deformable- deformable contact pair identified by real        
 constant set 5 and contact element type 4 has been set up.  The         
 companion pair has real constant set ID 4.  Both pairs should have the  
 same behavior.                                                          
 ANSYS will deactivate the current pair and keep its companion pair,     
 resulting in asymmetric contact.                                        
 Contact algorithm: Augmented Lagrange method
 Contact detection at: Gauss integration point
 Contact stiffness factor FKN                  1.0000    
 The resulting initial contact stiffness      0.11667E+16
 Default penetration tolerance factor FTOLN   0.10000    
 The resulting penetration tolerance          0.10880E-03
 Frictionless contact pair is defined
 Update contact stiffness at each iteration
 Average contact surface length               0.33765E-02
 Average contact pair depth                   0.10880E-02
 Average target surface length                0.23913E-02
 Default pinball region factor PINB            1.0000    
 The resulting pinball region                 0.10880E-02
 *WARNING*: Initial penetration is included.

 *** NOTE ***                            CP =       0.062   TIME= 21:10:33
 Max.  Initial penetration 5.518471492E-06 was detected between contact  
 element 4845 and target element 4684.                                   
 You may move entire target surface by : x= 5.707249491E-21, y=          
 8.598472736E-07, z= -5.451072397E-06,to reduce initial penetration.     
 ****************************************
  
 MAXIMUM NUMBER OF EQUILIBRIUM ITERATIONS HAS BEEN MODIFIED              
  TO BE, NEQIT = 26, BY SOLUTION CONTROL LOGIC.                          


 *** WARNING ***                         CP =       0.312   TIME= 21:10:33
 For element 4656 the element connectivity is 0 and 6843.  The node      
 which is identified as a 0 will be a grounded node.                     
  
 *************************************************
  SUMMARY FOR CONTACT PAIR IDENTIFIED BY REAL CONSTANT SET           4
 Max.  Penetration of -5.214220823E-06 has been detected between contact 
 element 4716 and target element 5093.                                   
 For total 32 contact elements, there are 32 elements are in contact.    
 Contacting area 3.52283136E-05.                                         
 Max.  Pinball distance 3.428573544E-03.                                 
 One of the contact searching regions contains at least 24 target        
 elements.                                                               
 Max.  Pressure/force 6.083253874E+09.                                   
 Max.  Normal stiffness 1.166665947E+15.                                 
 Min.  Normal stiffness 1.166665947E+15.                                 
 Contact pair force norm 9708.50182 and criterion 970.850196.            
 *************************************************
  
 *************************************************
  SUMMARY FOR CONTACT PAIR IDENTIFIED BY REAL CONSTANT SET           5

 *** NOTE ***                            CP =       0.359   TIME= 21:10:33
 Contact pair is inactive.                                               


  *** MASS SUMMARY BY ELEMENT TYPE ***

  TYPE      MASS
     1  0.216188    
     2  0.537141E-01
 AN AVERAGE OF THE X-, Y-, AND Z-DIRECTION MASS TERMS ARE USED
     FORCE CONVERGENCE VALUE  =  0.1999E+05  CRITERION=   1.959    

  Process memory allocated for solver              =    32.949 MB
  Process memory required for in-core solution     =    18.000 MB
  Process memory required for out-of-core solution =    11.464 MB

 *** NOTE ***                            CP =       0.531   TIME= 21:10:33
 The Distributed Sparse Matrix Solver is currently running in the        
 in-core memory mode.  This memory mode uses the most amount of memory   
 in order to avoid using the hard drive as much as possible, which most  
 often results in the fastest solution time.  This mode is recommended   
 if enough physical memory is present to accommodate all of the solver   
 data.                                                                   
     DISP CONVERGENCE VALUE   =  0.6168E-01  CRITERION=  0.3147E-02
    EQUIL ITER   1 COMPLETED.  NEW TRIANG MATRIX.  MAX DOF INC=   1.047    
 *** LOAD STEP     1   SUBSTEP     1  NOT COMPLETED.  CUM ITER =      2
 *** BEGIN BISECTION NUMBER   1    NEW TIME INCREMENT=  0.35000    


 *** WARNING ***                         CP =       0.781   TIME= 21:10:34
 For element 4656 the element connectivity is 0 and 6843.  The node      
 which is identified as a 0 will be a grounded node.                     
  
 *************************************************
  SUMMARY FOR CONTACT PAIR IDENTIFIED BY REAL CONSTANT SET           4
 Max.  Penetration of -5.214220823E-06 has been detected between contact 
 element 4716 and target element 5093.                                   
 For total 32 contact elements, there are 32 elements are in contact.    
 Contacting area 3.52283136E-05.                                         
 Max.  Pinball distance 3.428573544E-03.                                 
 One of the contact searching regions contains at least 24 target        
 elements.                                                               
 Max.  Pressure/force 1.216650793E+09.                                   
 Max.  Normal stiffness 2.333331929E+14.                                 
 Min.  Normal stiffness 2.333331929E+14.                                 
 Contact pair force norm 1941.70039 and criterion 194.170042.            
 *************************************************
  
 *************************************************
  SUMMARY FOR CONTACT PAIR IDENTIFIED BY REAL CONSTANT SET           5

 *** NOTE ***                            CP =       0.828   TIME= 21:10:34
 Contact pair is inactive.                                               
     FORCE CONVERGENCE VALUE  =   4016.      CRITERION=   1.959    

  Process memory allocated for solver              =    32.949 MB
  Process memory required for in-core solution     =    18.000 MB
  Process memory required for out-of-core solution =    11.464 MB

 *** NOTE ***                            CP =       0.875   TIME= 21:10:34
 The Distributed Sparse Matrix Solver is currently running in the        
 in-core memory mode.  This memory mode uses the most amount of memory   
 in order to avoid using the hard drive as much as possible, which most  
 often results in the fastest solution time.  This mode is recommended   
 if enough physical memory is present to accommodate all of the solver   
 data.                                                                   
     DISP CONVERGENCE VALUE   =  0.2159E-01  CRITERION=  0.1102E-02
    EQUIL ITER   1 COMPLETED.  NEW TRIANG MATRIX.  MAX DOF INC=  0.3665    
     DISP CONVERGENCE VALUE   =  0.2159E-01  CRITERION=  0.1124E-02
     LINE SEARCH PARAMETER =   1.000     SCALED MAX DOF INC =  0.3665    
     FORCE CONVERGENCE VALUE  =  0.1717E+08  CRITERION=   55.30    
    EQUIL ITER   2 COMPLETED.  NEW TRIANG MATRIX.  MAX DOF INC=  0.4785E-02
     DISP CONVERGENCE VALUE   =  0.4642E-02  CRITERION=  0.1151E-03
     LINE SEARCH PARAMETER =  0.9702     SCALED MAX DOF INC =  0.4642E-02
     FORCE CONVERGENCE VALUE  =  0.5503E+07  CRITERION=   11.17    
    EQUIL ITER   3 COMPLETED.  NEW TRIANG MATRIX.  MAX DOF INC= -0.6355E-03
     DISP CONVERGENCE VALUE   =  0.6355E-03  CRITERION=  0.1175E-02 <<< CONVERGED
     LINE SEARCH PARAMETER =   1.000     SCALED MAX DOF INC = -0.6355E-03
     FORCE CONVERGENCE VALUE  =  0.5280E+06  CRITERION=   11.12    
    EQUIL ITER   4 COMPLETED.  NEW TRIANG MATRIX.  MAX DOF INC= -0.3102E-03
     DISP CONVERGENCE VALUE   =  0.3102E-03  CRITERION=  0.1198E-02 <<< CONVERGED
     LINE SEARCH PARAMETER =   1.000     SCALED MAX DOF INC = -0.3102E-03
     FORCE CONVERGENCE VALUE  =  0.1552E+05  CRITERION=   11.36    
    EQUIL ITER   5 COMPLETED.  NEW TRIANG MATRIX.  MAX DOF INC=  0.3881E-03
     DISP CONVERGENCE VALUE   =  0.3545E-03  CRITERION=  0.1223E-02 <<< CONVERGED
     LINE SEARCH PARAMETER =  0.9133     SCALED MAX DOF INC =  0.3545E-03
     FORCE CONVERGENCE VALUE  =   3454.      CRITERION=   11.59    
    EQUIL ITER   6 COMPLETED.  NEW TRIANG MATRIX.  MAX DOF INC= -0.3013E-04
     DISP CONVERGENCE VALUE   =  0.3013E-04  CRITERION=  0.1248E-02 <<< CONVERGED
     LINE SEARCH PARAMETER =   1.000     SCALED MAX DOF INC = -0.3013E-04
     FORCE CONVERGENCE VALUE  =   1473.      CRITERION=   11.83    
    EQUIL ITER   7 COMPLETED.  NEW TRIANG MATRIX.  MAX DOF INC= -0.1952E-04
     DISP CONVERGENCE VALUE   =  0.1952E-04  CRITERION=  0.1273E-02 <<< CONVERGED
     LINE SEARCH PARAMETER =   1.000     SCALED MAX DOF INC = -0.1952E-04
     FORCE CONVERGENCE VALUE  =   646.1      CRITERION=   12.07    
    EQUIL ITER   8 COMPLETED.  NEW TRIANG MATRIX.  MAX DOF INC= -0.2375E-04
     DISP CONVERGENCE VALUE   =  0.2278E-04  CRITERION=  0.1299E-02 <<< CONVERGED
     LINE SEARCH PARAMETER =  0.9591     SCALED MAX DOF INC = -0.2278E-04
     FORCE CONVERGENCE VALUE  =   181.5      CRITERION=   12.32    
    EQUIL ITER   9 COMPLETED.  NEW TRIANG MATRIX.  MAX DOF INC= -0.1265E-05
     DISP CONVERGENCE VALUE   =  0.1055E-05  CRITERION=  0.1326E-02 <<< CONVERGED
     LINE SEARCH PARAMETER =  0.8340     SCALED MAX DOF INC = -0.1055E-05
     FORCE CONVERGENCE VALUE  =   99.84      CRITERION=   25.14    
    EQUIL ITER  10 COMPLETED.  NEW TRIANG MATRIX.  MAX DOF INC=  0.5937E-05
     DISP CONVERGENCE VALUE   =  0.5937E-05  CRITERION=  0.1353E-02 <<< CONVERGED
     LINE SEARCH PARAMETER =   1.000     SCALED MAX DOF INC =  0.5937E-05
     FORCE CONVERGENCE VALUE  =   45.13      CRITERION=   25.65    
    EQUIL ITER  11 COMPLETED.  NEW TRIANG MATRIX.  MAX DOF INC=  0.3463E-05
     DISP CONVERGENCE VALUE   =  0.3291E-05  CRITERION=  0.1381E-02 <<< CONVERGED
     LINE SEARCH PARAMETER =  0.9504     SCALED MAX DOF INC =  0.3291E-05
     FORCE CONVERGENCE VALUE  =   10.21      CRITERION=   26.17     <<< CONVERGED
    >>> SOLUTION CONVERGED AFTER EQUILIBRIUM ITERATION  11

   *** ELEMENT RESULT CALCULATION TIMES
     TYPE    NUMBER   ENAME      TOTAL CP  AVE CP

        1      1965  SOLID187      0.125   0.000064
        2       191  SOLID187      0.000   0.000000
        3       341  SOLID186      0.047   0.000137
        4       280  CONTA174      0.000   0.000000
        6        42  CONTA174      0.016   0.000372
        8       248  CONTA174      0.000   0.000000
       10         1  MPC184        0.000   0.000000
       11        16  SURF154       0.000   0.000000

   *** NODAL LOAD CALCULATION TIMES
     TYPE    NUMBER   ENAME      TOTAL CP  AVE CP

        1      1965  SOLID187      0.016   0.000008
        2       191  SOLID187      0.016   0.000082
        3       341  SOLID186      0.000   0.000000
        4       280  CONTA174      0.000   0.000000
        6        42  CONTA174      0.000   0.000000
        8       248  CONTA174      0.000   0.000000
       10         1  MPC184        0.000   0.000000
       11        16  SURF154       0.000   0.000000
 *** LOAD STEP     1   SUBSTEP     1  COMPLETED.    CUM ITER =     12
 *** TIME =  0.350000         TIME INC =  0.350000    
 *** RESPONSE FREQ =  6433.       PERIOD=  0.1554E-03  PTS/CYC = 0.44E-03
 *** AUTO TIME STEP:  NEXT TIME INC = 0.17500      DECREASED (FACTOR = 0.5000)

     FORCE CONVERGENCE VALUE  =   6678.      CRITERION=   10.48    
     DISP CONVERGENCE VALUE   =  0.1132E-01  CRITERION=  0.1105E-02
    EQUIL ITER   1 COMPLETED.  NEW TRIANG MATRIX.  MAX DOF INC=  0.1833    
     DISP CONVERGENCE VALUE   =  0.1132E-01  CRITERION=  0.1128E-02
     LINE SEARCH PARAMETER =   1.000     SCALED MAX DOF INC =  0.1833    
     FORCE CONVERGENCE VALUE  =  0.2187E+07  CRITERION=   10.29    
    EQUIL ITER   2 COMPLETED.  NEW TRIANG MATRIX.  MAX DOF INC=  0.1064E-02
     DISP CONVERGENCE VALUE   =  0.1063E-02  CRITERION=  0.1151E-02 <<< CONVERGED
     LINE SEARCH PARAMETER =  0.9990     SCALED MAX DOF INC =  0.1063E-02
     FORCE CONVERGENCE VALUE  =  0.1920E+06  CRITERION=   10.04    
    EQUIL ITER   3 COMPLETED.  NEW TRIANG MATRIX.  MAX DOF INC= -0.1079E-03
     DISP CONVERGENCE VALUE   =  0.1069E-03  CRITERION=  0.1175E-02 <<< CONVERGED
     LINE SEARCH PARAMETER =  0.9913     SCALED MAX DOF INC = -0.1069E-03
     FORCE CONVERGENCE VALUE  =   1522.      CRITERION=   10.63    
    EQUIL ITER   4 COMPLETED.  NEW TRIANG MATRIX.  MAX DOF INC= -0.1998E-03
     DISP CONVERGENCE VALUE   =  0.1927E-03  CRITERION=  0.1198E-02 <<< CONVERGED
     LINE SEARCH PARAMETER =  0.9647     SCALED MAX DOF INC = -0.1927E-03
     FORCE CONVERGENCE VALUE  =   355.4      CRITERION=   10.99    
    EQUIL ITER   5 COMPLETED.  NEW TRIANG MATRIX.  MAX DOF INC=  0.1676E-04
     DISP CONVERGENCE VALUE   =  0.1676E-04  CRITERION=  0.1223E-02 <<< CONVERGED
     LINE SEARCH PARAMETER =   1.000     SCALED MAX DOF INC =  0.1676E-04
     FORCE CONVERGENCE VALUE  =   14.98      CRITERION=   11.27    
    EQUIL ITER   6 COMPLETED.  NEW TRIANG MATRIX.  MAX DOF INC=  0.5631E-05
     DISP CONVERGENCE VALUE   =  0.5631E-05  CRITERION=  0.1248E-02 <<< CONVERGED
     LINE SEARCH PARAMETER =   1.000     SCALED MAX DOF INC =  0.5631E-05
     FORCE CONVERGENCE VALUE  =   9.101      CRITERION=   11.50     <<< CONVERGED
    >>> SOLUTION CONVERGED AFTER EQUILIBRIUM ITERATION   6
 *** LOAD STEP     1   SUBSTEP     2  COMPLETED.    CUM ITER =     18
 *** TIME =  0.525000         TIME INC =  0.175000    
 *** RESPONSE FREQ =  3319.       PERIOD=  0.3013E-03  PTS/CYC = 0.17E-02
 *** AUTO TIME STEP:  NEXT TIME INC = 0.10000      DECREASED (FACTOR = 0.5714)

     FORCE CONVERGENCE VALUE  =   1830.      CRITERION=   10.20    
     DISP CONVERGENCE VALUE   =  0.6268E-02  CRITERION=  0.1105E-02
    EQUIL ITER   1 COMPLETED.  NEW TRIANG MATRIX.  MAX DOF INC=  0.1047    
     DISP CONVERGENCE VALUE   =  0.6268E-02  CRITERION=  0.1128E-02
     LINE SEARCH PARAMETER =   1.000     SCALED MAX DOF INC =  0.1047    
     FORCE CONVERGENCE VALUE  =  0.6936E+06  CRITERION=   10.04    
    EQUIL ITER   2 COMPLETED.  NEW TRIANG MATRIX.  MAX DOF INC=  0.3281E-03
     DISP CONVERGENCE VALUE   =  0.3281E-03  CRITERION=  0.1151E-02 <<< CONVERGED
     LINE SEARCH PARAMETER =   1.000     SCALED MAX DOF INC =  0.3281E-03
     FORCE CONVERGENCE VALUE  =  0.1958E+05  CRITERION=   10.21    
    EQUIL ITER   3 COMPLETED.  NEW TRIANG MATRIX.  MAX DOF INC= -0.2180E-04
     DISP CONVERGENCE VALUE   =  0.2126E-04  CRITERION=  0.1175E-02 <<< CONVERGED
     LINE SEARCH PARAMETER =  0.9753     SCALED MAX DOF INC = -0.2126E-04
     FORCE CONVERGENCE VALUE  =   605.3      CRITERION=   10.40    
    EQUIL ITER   4 COMPLETED.  NEW TRIANG MATRIX.  MAX DOF INC= -0.9556E-05
     DISP CONVERGENCE VALUE   =  0.9556E-05  CRITERION=  0.1198E-02 <<< CONVERGED
     LINE SEARCH PARAMETER =   1.000     SCALED MAX DOF INC = -0.9556E-05
     FORCE CONVERGENCE VALUE  =   8.053      CRITERION=   10.60     <<< CONVERGED
    >>> SOLUTION CONVERGED AFTER EQUILIBRIUM ITERATION   4
 *** LOAD STEP     1   SUBSTEP     3  COMPLETED.    CUM ITER =     22
 *** TIME =  0.625000         TIME INC =  0.100000    
 *** RESPONSE FREQ =  1889.       PERIOD=  0.5293E-03  PTS/CYC = 0.53E-02
 *** AUTO STEP TIME:  NEXT TIME INC = 0.10000      UNCHANGED

     FORCE CONVERGENCE VALUE  =   1004.      CRITERION=   9.779    
     DISP CONVERGENCE VALUE   =  0.6081E-02  CRITERION=  0.1105E-02
    EQUIL ITER   1 COMPLETED.  NEW TRIANG MATRIX.  MAX DOF INC=  0.1047    
     DISP CONVERGENCE VALUE   =  0.6081E-02  CRITERION=  0.1128E-02
     LINE SEARCH PARAMETER =   1.000     SCALED MAX DOF INC =  0.1047    
