1
0
1
ASSEMBLY
1
U_SHAPED_BRACKET-1
U_SHAPED_BRACKET
1
U_SHAPED_BRACKET-1
14
-2147483646
0
48 1 16 5 0 1 0 -1 -1 713 1 -1879048189 3 713 
14
48 1 16 5 0 1 0 -1 -1 713 1 -1879048189 1 713 
2
1 1
2 2
-2147483647
1
U_SHAPED_BRACKET-1
14
-2147483646
0
48 1 16 5 0 1 0 -1 -1 645 1 -1879048189 1 645 
14
48 1 16 5 0 1 0 -1 -1 645 1 -1879048189 1 645 
0
1
_PRESSURF_SNEG
0
2
0
1
U_SHAPED_BRACKET-1
140
169 170 171 172 173 174 175 176 177 178 179 180 181 182 183 184 185 186 187 188 189 190 191 192 193 194 195 196 197 198 199 200 201 202 203 204 205 206 207 208 209 210 211 212 213 214 215 216 217 218 219 220 221 222 223 224 225 226 227 228 229 230 231 232 233 234 235 236 237 238 239 240 241 242 243 244 245 246 247 248 249 250 251 252 253 254 255 256 257 258 259 260 261 262 263 264 265 266 267 268 269 270 271 272 273 274 275 276 277 278 279 280 281 282 283 284 285 286 287 288 289 290 291 292 293 294 295 296 297 298 299 300 301 302 303 304 305 306 307 308 
0
1
U_SHAPED_BRACKET-1
1
_PICKEDSET4
0
2
14
-2147483647
48 1 16 5 0 1 0 -1 -1 645 1 -1879048189 1 645 
0
0
0
7

0
2
0
2

2
1 2 
U_SHAPED_BRACKET-1
14
-2147483647
48 1 16 5 0 1 0 -1 -1 713 1 -1879048189 3 713 
0
BC
0
1
2
1 2 
0
0
CS111
0
1
0
1
U_SHAPED_BRACKET-1
22
20 183 184 185 186 187 188 189 190 191 192 603 606 607 612 625 626 633 635 636 639 640 
0
CS112
0
1
0
1
U_SHAPED_BRACKET-1
18
22 216 217 218 219 220 221 222 223 664 665 668 669 676 682 685 686 703 
0
_PICKEDSET20
0
2
1
2 
0
0
_PICKEDSET21
0
2
1
1 
0
0
_PICKEDSET22
0
2
2
1 2 
0
0
2
U_SHAPED_BRACKET-1
2
 P       1
0
2
14
-2147483647
48 1 16 5 0 1 0 -1 -1 713 1 -1879048189 3 713 
0
0
_PICKEDSET4
0
2
14
-2147483647
48 1 16 5 0 1 0 -1 -1 713 1 -1879048189 3 713 
0
0
0

1
 P       0
0
2
2
1 2 
0
0
0
0
3
CS111_CNS_
1
0
0
1
U_SHAPED_BRACKET-1
1
0
22
20
1
183
1
184
1
185
1
186
1
187
1
188
1
189
1
190
1
191
1
192
1
603
1
606
1
607
1
612
1
625
1
626
1
633
1
635
1
636
1
639
1
640
1
CS112_CNS_
1
0
0
1
U_SHAPED_BRACKET-1
1
0
18
22
1
216
1
217
1
218
1
219
1
220
1
221
1
222
1
223
1
664
1
665
1
668
1
669
1
676
1
682
1
685
1
686
1
703
1
PRESSURF
0
0
0
1
U_SHAPED_BRACKET-1
0
0
1
SNEG
140
169 170 171 172 173 174 175 176 177 178 179 180 181 182 183 184 185 186 187 188 189 190 191 192 193 194 195 196 197 198 199 200 201 202 203 204 205 206 207 208 209 210 211 212 213 214 215 216 217 218 219 220 221 222 223 224 225 226 227 228 229 230 231 232 233 234 235 236 237 238 239 240 241 242 243 244 245 246 247 248 249 250 251 252 253 254 255 256 257 258 259 260 261 262 263 264 265 266 267 268 269 270 271 272 273 274 275 276 277 278 279 280 281 282 283 284 285 286 287 288 289 290 291 292 293 294 295 296 297 298 299 300 301 302 303 304 305 306 307 308 
